<?xml version="1.0" encoding="UTF-8"?>
<!-- Generated by org.testng.reporters.JUnitXMLReporter -->
<testsuite ignored="0" hostname="DESKTOP-077G3EM" failures="0" tests="16" name="Plobal" time="774.464" errors="0" timestamp="2022-10-18T11:05:44 IST">
  <testcase classname="com.Plobal.TestScripts.PlobalTestScripts" name="plobalAppLaunch" time="28.446"/>
  <testcase classname="com.Plobal.TestScripts.PlobalTestScripts" name="plobalLogin" time="32.068"/>
  <testcase classname="com.Plobal.TestScripts.PlobalTestScripts" name="plobalSelectItem" time="31.578"/>
  <testcase classname="com.Plobal.TestScripts.PlobalTestScripts" name="plobalPaymentOption" time="7.187"/>
  <testcase classname="com.Plobal.TestScripts.PlobalTestScripts" name="plobalDeliveryAddress" time="107.421"/>
  <testcase classname="com.Plobal.TestScripts.PlobalTestScripts" name="plobalSearchProduct" time="130.332"/>
  <testcase classname="com.Plobal.TestScripts.PlobalTestScripts" name="plobalSearchProductByBarCode" time="121.043"/>
  <testcase classname="com.Plobal.TestScripts.PlobalTestScripts" name="plobalLogout" time="14.226"/>
  <testcase classname="com.Plobal.TestScripts.PlobalTestScripts" name="plobalCleverTap" time="100.013"/>
  <testcase classname="com.Plobal.TestScripts.PlobalTestScripts" name="plobalCleverTapLoginevents" time="4.475"/>
  <testcase classname="com.Plobal.TestScripts.PlobalTestScripts" name="plobalCleverTapProductViewed" time="4.76"/>
  <testcase classname="com.Plobal.TestScripts.PlobalTestScripts" name="plobalCleverTapAddToCart" time="4.838"/>
  <testcase classname="com.Plobal.TestScripts.PlobalTestScripts" name="plobalCleverTapPaymentPending" time="4.724"/>
  <testcase classname="com.Plobal.TestScripts.PlobalTestScripts" name="plobalCleverTapSelectAddress" time="5.603"/>
  <testcase classname="com.Plobal.TestScripts.PlobalTestScripts" name="plobalCleverTapOrderCharged" time="4.618"/>
  <testcase classname="com.Plobal.TestScripts.PlobalTestScripts" name="plobalCleverTapLogout" time="0.606"/>
</testsuite> <!-- Plobal -->
